0 info it worked if it ends with ok
1 verbose cli [ '/opt/bitnami/nodejs/bin/.node.bin',
1 verbose cli   '/opt/bitnami/nodejs/bin/npm',
1 verbose cli   'run',
1 verbose cli   'serve' ]
2 info using npm@2.14.7
3 info using node@v4.2.1
4 verbose run-script [ 'preserve', 'serve', 'postserve' ]
5 info preserve Driveway@0.0.0
6 info serve Driveway@0.0.0
7 verbose unsafe-perm in lifecycle true
8 info Driveway@0.0.0 Failed to exec serve script
9 verbose stack Error: Driveway@0.0.0 serve: `node index.js`
9 verbose stack Exit status 143
9 verbose stack     at EventEmitter.<anonymous> (/opt/bitnami/nodejs/lib/node_modules/npm/lib/utils/lifecycle.js:214:16)
9 verbose stack     at emitTwo (events.js:87:13)
9 verbose stack     at EventEmitter.emit (events.js:172:7)
9 verbose stack     at ChildProcess.<anonymous> (/opt/bitnami/nodejs/lib/node_modules/npm/lib/utils/spawn.js:24:14)
9 verbose stack     at emitTwo (events.js:87:13)
9 verbose stack     at ChildProcess.emit (events.js:172:7)
9 verbose stack     at maybeClose (internal/child_process.js:818:16)
9 verbose stack     at Process.ChildProcess._handle.onexit (internal/child_process.js:211:5)
10 verbose pkgid Driveway@0.0.0
11 verbose cwd /home/bitnami/kyle/newest
12 error Linux 3.13.0-66-generic
13 error argv "/opt/bitnami/nodejs/bin/.node.bin" "/opt/bitnami/nodejs/bin/npm" "run" "serve"
14 error node v4.2.1
15 error npm  v2.14.7
16 error code ELIFECYCLE
17 error Driveway@0.0.0 serve: `node index.js`
17 error Exit status 143
18 error Failed at the Driveway@0.0.0 serve script 'node index.js'.
18 error This is most likely a problem with the Driveway package,
18 error not with npm itself.
18 error Tell the author that this fails on your system:
18 error     node index.js
18 error You can get their info via:
18 error     npm owner ls Driveway
18 error There is likely additional logging output above.
19 verbose exit [ 1, true ]
